TN:
SF:src/components/Form/Button/index.tsx
FN:14,Button
FNF:1
FNH:0
FNDA:0,Button
DA:15,0
LF:1
LH:0
BRF:0
BRH:0
end_of_record
TN:
SF:src/components/Form/CategorySelectButton/index.tsx
FN:15,CategorySelectButton
FNF:1
FNH:0
FNDA:0,CategorySelectButton
DA:16,0
LF:1
LH:0
BRF:0
BRH:0
end_of_record
TN:
SF:src/components/Form/Input/index.tsx
FN:11,Input
FNF:1
FNH:1
FNDA:1,Input
DA:12,1
LF:1
LH:1
BRDA:11,0,0,0
BRF:1
BRH:0
end_of_record
TN:
SF:src/components/Form/InputForm/index.tsx
FN:17,InputForm
FN:22,(anonymous_1)
FNF:2
FNH:0
FNDA:0,InputForm
FNDA:0,(anonymous_1)
DA:18,0
DA:23,0
LF:2
LH:0
BRDA:31,0,0,0
BRDA:31,0,1,0
BRF:2
BRH:0
end_of_record
TN:
SF:src/components/Form/TransactionTypeButton/index.tsx
FN:22,TransactionTypeButton
FNF:1
FNH:0
FNDA:0,TransactionTypeButton
DA:17,0
DA:23,0
LF:2
LH:0
BRF:0
BRH:0
end_of_record
TN:
SF:src/components/HighlightCard/index.tsx
FN:26,HightlightCard
FNF:1
FNH:0
FNDA:0,HightlightCard
DA:20,0
DA:27,0
LF:2
LH:0
BRF:0
BRH:0
end_of_record
TN:
SF:src/components/HistoryCard/index.tsx
FN:15,HistoryCard
FNF:1
FNH:0
FNDA:0,HistoryCard
DA:16,0
LF:1
LH:0
BRF:0
BRH:0
end_of_record
TN:
SF:src/components/SignInSocialButton/index.tsx
FN:16,SignInSocialButton
FNF:1
FNH:0
FNDA:0,SignInSocialButton
DA:17,0
LF:1
LH:0
BRF:0
BRH:0
end_of_record
TN:
SF:src/components/TransactionCard/index.tsx
FN:28,TransactionCard
FN:30,(anonymous_1)
FNF:2
FNH:0
FNDA:0,TransactionCard
FNDA:0,(anonymous_1)
DA:29,0
DA:30,0
DA:33,0
LF:3
LH:0
BRDA:37,0,0,0
BRDA:37,0,1,0
BRF:2
BRH:0
end_of_record
TN:
SF:src/hooks/auth.tsx
FN:38,AuthProvider
FN:44,SignWithGoogle
FN:73,SignWithApple
FN:101,SignOut
FN:106,(anonymous_4)
FN:107,loadUserStorageDate
FN:127,useAuth
FNF:7
FNH:5
FNDA:3,AuthProvider
FNDA:1,SignWithGoogle
FNDA:0,SignWithApple
FNDA:0,SignOut
FNDA:1,(anonymous_4)
FNDA:1,loadUserStorageDate
FNDA:3,useAuth
DA:3,1
DA:4,1
DA:36,1
DA:39,3
DA:40,3
DA:42,3
DA:45,1
DA:46,1
DA:47,1
DA:49,1
DA:50,1
DA:52,1
DA:53,1
DA:54,1
DA:56,1
DA:63,1
DA:64,1
DA:69,0
DA:74,0
DA:75,0
DA:82,0
DA:83,0
DA:84,0
DA:86,0
DA:93,0
DA:94,0
DA:97,0
DA:102,0
DA:103,0
DA:106,3
DA:108,1
DA:110,1
DA:111,0
DA:112,0
DA:114,1
DA:116,1
DA:120,3
DA:128,3
DA:130,3
LF:39
LH:25
BRDA:52,0,0,1
BRDA:52,0,1,0
BRDA:82,1,0,0
BRDA:82,1,1,0
BRDA:110,2,0,0
BRDA:110,2,1,1
BRF:6
BRH:2
end_of_record
TN:
SF:src/routes/app.routes.tsx
FN:16,AppRoutes
FN:36,(anonymous_1)
FN:49,(anonymous_2)
FN:62,(anonymous_3)
FNF:4
FNH:0
FNDA:0,AppRoutes
FNDA:0,(anonymous_1)
FNDA:0,(anonymous_2)
FNDA:0,(anonymous_3)
DA:14,0
DA:17,0
DA:18,0
DA:37,0
DA:50,0
DA:63,0
LF:6
LH:0
BRDA:27,0,0,0
BRDA:27,0,1,0
BRF:2
BRH:0
end_of_record
TN:
SF:src/routes/auth.routes.tsx
FN:10,AuthRoutes
FNF:1
FNH:0
FNDA:0,AuthRoutes
DA:8,0
DA:11,0
LF:2
LH:0
BRF:0
BRH:0
end_of_record
TN:
SF:src/routes/index.tsx
FN:9,Routes
FNF:1
FNH:0
FNDA:0,Routes
DA:10,0
DA:12,0
LF:2
LH:0
BRDA:14,0,0,0
BRDA:14,0,1,0
BRF:2
BRH:0
end_of_record
TN:
SF:src/screens/CategorySelect/index.tsx
FN:28,CategorySelect
FN:30,handleCategorySelect
FN:43,(anonymous_2)
FN:44,(anonymous_3)
FN:46,(anonymous_4)
FN:53,(anonymous_5)
FNF:6
FNH:0
FNDA:0,CategorySelect
FNDA:0,handleCategorySelect
FNDA:0,(anonymous_2)
FNDA:0,(anonymous_3)
FNDA:0,(anonymous_4)
FNDA:0,(anonymous_5)
DA:31,0
DA:34,0
DA:43,0
DA:45,0
DA:46,0
DA:53,0
LF:6
LH:0
BRF:0
BRH:0
end_of_record
TN:
SF:src/screens/Dashboard/index.tsx
FN:42,Dashboard
FN:49,getLastTransactionDate
FN:50,(anonymous_2)
FN:56,(anonymous_3)
FN:61,loadTransaction
FN:69,(anonymous_5)
FN:134,(anonymous_6)
FN:138,(anonymous_7)
FN:200,(anonymous_8)
FN:201,(anonymous_9)
FNF:10
FNH:0
FNDA:0,Dashboard
FNDA:0,getLastTransactionDate
FNDA:0,(anonymous_2)
FNDA:0,(anonymous_3)
FNDA:0,loadTransaction
FNDA:0,(anonymous_5)
FNDA:0,(anonymous_6)
FNDA:0,(anonymous_7)
FNDA:0,(anonymous_8)
FNDA:0,(anonymous_9)
DA:43,0
DA:44,0
DA:45,0
DA:46,0
DA:47,0
DA:50,0
DA:52,0
DA:53,0
DA:56,0
DA:58,0
DA:62,0
DA:63,0
DA:64,0
DA:66,0
DA:67,0
DA:69,0
DA:71,0
DA:72,0
DA:74,0
DA:77,0
DA:82,0
DA:88,0
DA:99,0
DA:101,0
DA:102,0
DA:103,0
DA:105,0
DA:107,0
DA:131,0
DA:134,0
DA:135,0
DA:138,0
DA:139,0
DA:142,0
DA:200,0
DA:201,0
LF:36
LH:0
BRDA:52,0,0,0
BRDA:52,0,1,0
BRDA:64,1,0,0
BRDA:64,1,1,0
BRDA:71,2,0,0
BRDA:71,2,1,0
BRDA:103,3,0,0
BRDA:103,3,1,0
BRDA:113,4,0,0
BRDA:113,4,1,0
BRDA:120,5,0,0
BRDA:120,5,1,0
BRDA:145,6,0,0
BRDA:145,6,1,0
BRF:14
BRH:0
end_of_record
TN:
SF:src/screens/Profile/index.tsx
FN:9,Profile
FN:29,(anonymous_1)
FNF:2
FNH:1
FNDA:3,Profile
FNDA:0,(anonymous_1)
DA:10,3
LF:1
LH:1
BRF:0
BRH:0
end_of_record
TN:
SF:src/screens/Register/index.tsx
FN:39,Register
FN:62,handleTransactionTypeSelect
FN:66,handleOpenSelectCategoryModal
FN:70,handleCloseSelectCategoryModal
FN:74,handleRegister
FN:146,(anonymous_5)
FN:153,(anonymous_6)
FNF:7
FNH:0
FNDA:0,Register
FNDA:0,handleTransactionTypeSelect
FNDA:0,handleOpenSelectCategoryModal
FNDA:0,handleCloseSelectCategoryModal
FNDA:0,handleRegister
FNDA:0,(anonymous_5)
FNDA:0,(anonymous_6)
DA:34,0
DA:40,0
DA:42,0
DA:43,0
DA:44,0
DA:49,0
DA:51,0
DA:58,0
DA:63,0
DA:67,0
DA:71,0
DA:75,0
DA:76,0
DA:78,0
DA:79,0
DA:82,0
DA:91,0
DA:92,0
DA:93,0
DA:95,0
DA:100,0
DA:102,0
DA:103,0
DA:104,0
DA:108,0
DA:111,0
DA:112,0
DA:116,0
DA:146,0
DA:153,0
LF:30
LH:0
BRDA:75,0,0,0
BRDA:75,0,1,0
BRDA:78,1,0,0
BRDA:78,1,1,0
BRDA:93,2,0,0
BRDA:93,2,1,0
BRDA:131,3,0,0
BRDA:131,3,1,0
BRDA:139,4,0,0
BRDA:139,4,1,0
BRF:10
BRH:0
end_of_record
TN:
SF:src/screens/Resumo/index.tsx
FN:46,Resumo
FN:53,handleDateChange
FN:62,loadData
FN:67,(anonymous_3)
FN:71,(anonymous_4)
FN:77,(anonymous_5)
FN:80,(anonymous_6)
FN:112,(anonymous_7)
FN:141,(anonymous_8)
FN:147,(anonymous_9)
FN:155,(anonymous_10)
FN:167,(anonymous_11)
FNF:12
FNH:0
FNDA:0,Resumo
FNDA:0,handleDateChange
FNDA:0,loadData
FNDA:0,(anonymous_3)
FNDA:0,(anonymous_4)
FNDA:0,(anonymous_5)
FNDA:0,(anonymous_6)
FNDA:0,(anonymous_7)
FNDA:0,(anonymous_8)
FNDA:0,(anonymous_9)
FNDA:0,(anonymous_10)
FNDA:0,(anonymous_11)
DA:47,0
DA:48,0
DA:49,0
DA:50,0
DA:51,0
DA:54,0
DA:55,0
DA:56,0
DA:58,0
DA:63,0
DA:64,0
DA:65,0
DA:67,0
DA:71,0
DA:72,0
DA:75,0
DA:77,0
DA:78,0
DA:80,0
DA:81,0
DA:82,0
DA:86,0
DA:88,0
DA:89,0
DA:96,0
DA:108,0
DA:109,0
DA:112,0
DA:113,0
DA:116,0
DA:141,0
DA:147,0
DA:155,0
DA:168,0
LF:34
LH:0
BRDA:55,0,0,0
BRDA:55,0,1,0
BRDA:65,1,0,0
BRDA:65,1,1,0
BRDA:67,2,0,0
BRDA:67,2,1,0
BRDA:67,2,2,0
BRDA:81,3,0,0
BRDA:81,3,1,0
BRDA:88,4,0,0
BRDA:88,4,1,0
BRDA:123,5,0,0
BRDA:123,5,1,0
BRF:13
BRH:0
end_of_record
TN:
SF:src/screens/SignIn/index.tsx
FN:23,SignIn
FN:28,handleSignWithGoogle
FN:40,handleSignWithApple
FNF:3
FNH:0
FNDA:0,SignIn
FNDA:0,handleSignWithGoogle
FNDA:0,handleSignWithApple
DA:24,0
DA:25,0
DA:26,0
DA:30,0
DA:31,0
DA:32,0
DA:34,0
DA:35,0
DA:36,0
DA:41,0
DA:42,0
DA:43,0
DA:45,0
DA:46,0
DA:47,0
DA:51,0
LF:16
LH:0
BRDA:76,0,0,0
BRDA:76,0,1,0
BRDA:81,1,0,0
BRDA:81,1,1,0
BRF:4
BRH:0
end_of_record
